
10:57:02::wechat_return:Array
(
    [errcode] => 40001
    [errmsg] => invalid credential, access_token is invalid or not latest hint: [zDKyiA03484696!]
)

11:00:18::wechat_return:Array
(
    [errcode] => 40001
    [errmsg] => invalid credential, access_token is invalid or not latest hint: [OdoVkA05448888!]
)

11:24:44::wechat_return:Array
(
    [errcode] => 40001
    [errmsg] => invalid credential, access_token is invalid or not latest hint: [Fe0hLa00101530!]
)

15:37:18::wechat_return:Array
(
    [errcode] => 40164
    [errmsg] => invalid ip 218.19.206.44, not in whitelist hint: [cj9scA01642790]
)

15:42:13::wechat_return:Array
(
    [errcode] => 40164
    [errmsg] => invalid ip 218.19.206.44, not in whitelist hint: [tAgt40459hb10]
)

15:43:28::wechat_return:Array
(
    [errcode] => 40164
    [errmsg] => invalid ip 218.19.206.44, not in whitelist hint: [9Li2ea0534hb92]
)

15:47:04::wechat_return:Array
(
    [errcode] => 40164
    [errmsg] => invalid ip 218.19.204.194, not in whitelist hint: [rEPNha0750hb10]
)

15:47:48::wechat_return:Array
(
    [errcode] => 40164
    [errmsg] => invalid ip 218.19.204.194, not in whitelist hint: [nvknla07942974]
)

15:47:53::wechat_return:Array
(
    [errcode] => 40164
    [errmsg] => invalid ip 218.19.204.194, not in whitelist hint: [Jai4ma0799b101]
)

15:49:11::wechat_return:Array
(
    [errcode] => 40164
    [errmsg] => invalid ip 218.19.204.194, not in whitelist hint: [0877hb97]
)

15:49:15::wechat_return:Array
(
    [errcode] => 40164
    [errmsg] => invalid ip 218.19.204.194, not in whitelist hint: [SvsxmA08812790]
)

15:50:26::wechat_return:Array
(
    [errcode] => 40164
    [errmsg] => invalid ip 218.19.204.194, not in whitelist hint: [5dhqva09521527]
)

15:50:44::wechat_return:Array
(
    [errcode] => 40164
    [errmsg] => invalid ip 218.19.204.194, not in whitelist hint: [_O64Ka09703055]
)
